2019-11-09 15:12:58.001  INFO 15110 --- [restartedMain] c.autodesk.www.PlayWithBootApplication   : Starting PlayWithBootApplication on CCSJFBMD12.ads.autodesk.com with PID 15110 (/Users/hyy/IdeaProjects/play_with_springboot/target/classes started by hyy in /Users/hyy/IdeaProjects/play_with_springboot)
2019-11-09 15:12:58.003  INFO 15110 --- [restartedMain] c.autodesk.www.PlayWithBootApplication   : The following profiles are active: dev
2019-11-09 15:12:58.049  INFO 15110 --- [restartedMain] .e.DevToolsPropertyDefaultsPostProcessor : Devtools property defaults active! Set 'spring.devtools.add-properties' to 'false' to disable
2019-11-09 15:12:58.049  INFO 15110 --- [restartedMain] .e.DevToolsPropertyDefaultsPostProcessor : For additional web related logging consider setting the 'logging.level.web' property to 'DEBUG'
2019-11-09 15:12:58.923  INFO 15110 --- [restartedMain] trationDelegate$BeanPostProcessorChecker : Bean 'org.springframework.transaction.annotation.ProxyTransactionManagementConfiguration' of type [org.springframework.transaction.annotation.ProxyTransactionManagementConfiguration] is not eligible for getting processed by all BeanPostProcessors (for example: not eligible for auto-proxying)
2019-11-09 15:12:59.118  INFO 15110 --- [restartedMain] o.s.b.w.embedded.tomcat.TomcatWebServer  : Tomcat initialized with port(s): 8080 (http)
2019-11-09 15:12:59.125  INFO 15110 --- [restartedMain] o.apache.catalina.core.StandardService   : Starting service [Tomcat]
2019-11-09 15:12:59.125  INFO 15110 --- [restartedMain] org.apache.catalina.core.StandardEngine  : Starting Servlet engine: [Apache Tomcat/9.0.27]
2019-11-09 15:12:59.179  INFO 15110 --- [restartedMain] o.a.c.c.C.[Tomcat].[localhost].[/]       : Initializing Spring embedded WebApplicationContext
2019-11-09 15:12:59.180  INFO 15110 --- [restartedMain] o.s.web.context.ContextLoader            : Root WebApplicationContext: initialization completed in 1131 ms
2019-11-09 15:12:59.296  INFO 15110 --- [restartedMain] c.a.d.s.b.a.DruidDataSourceAutoConfigure : Init DruidDataSource
2019-11-09 15:12:59.419  INFO 15110 --- [restartedMain] com.alibaba.druid.pool.DruidDataSource   : {dataSource-1} inited
2019-11-09 15:12:59.806  INFO 15110 --- [restartedMain] pertySourcedRequestMappingHandlerMapping : Mapped URL path [/v2/api-docs] onto method [springfox.documentation.swagger2.web.Swagger2Controller#getDocumentation(String, HttpServletRequest)]
2019-11-09 15:12:59.876  INFO 15110 --- [restartedMain] o.s.s.concurrent.ThreadPoolTaskExecutor  : Initializing ExecutorService 'applicationTaskExecutor'
2019-11-09 15:13:00.018  INFO 15110 --- [restartedMain] d.s.w.p.DocumentationPluginsBootstrapper : Context refreshed
2019-11-09 15:13:00.031  INFO 15110 --- [restartedMain] d.s.w.p.DocumentationPluginsBootstrapper : Found 1 custom documentation plugin(s)
2019-11-09 15:13:00.056  INFO 15110 --- [restartedMain] s.d.s.w.s.ApiListingReferenceScanner     : Scanning for api listing references
2019-11-09 15:13:00.200  INFO 15110 --- [restartedMain] o.s.b.w.embedded.tomcat.TomcatWebServer  : Tomcat started on port(s): 8080 (http) with context path ''
2019-11-09 15:13:00.203  INFO 15110 --- [restartedMain] c.autodesk.www.PlayWithBootApplication   : Started PlayWithBootApplication in 2.495 seconds (JVM running for 3.058)
2019-11-09 15:13:05.236  INFO 15110 --- [http-nio-8080-exec-1] o.a.c.c.C.[Tomcat].[localhost].[/]       : Initializing Spring DispatcherServlet 'dispatcherServlet'
2019-11-09 15:13:05.236  INFO 15110 --- [http-nio-8080-exec-1] o.s.web.servlet.DispatcherServlet        : Initializing Servlet 'dispatcherServlet'
2019-11-09 15:13:05.241  INFO 15110 --- [http-nio-8080-exec-1] o.s.web.servlet.DispatcherServlet        : Completed initialization in 5 ms
2019-11-09 15:13:05.424  INFO 15110 --- [http-nio-8080-exec-1] c.a.www.controller.PostController        : QUERY ALL POST: JUST TEST LOGGER.
2019-11-09 15:29:49.350  INFO 15110 --- [SpringContextShutdownHook] o.s.s.concurrent.ThreadPoolTaskExecutor  : Shutting down ExecutorService 'applicationTaskExecutor'
2019-11-09 15:29:49.356  INFO 15110 --- [SpringContextShutdownHook] com.alibaba.druid.pool.DruidDataSource   : {dataSource-1} closed
